[10:51:21] [ServerMain/INFO]: [bootstrap] Running Java 21 (OpenJDK 64-Bit Server VM 21.0.7+6-LTS; Microsoft Microsoft-11369942) on Linux 6.8.0-1030-azure (amd64)
[10:51:21] [ServerMain/INFO]: [bootstrap] Loading Paper 1.21.8-39-main@616a879 (2025-08-18T02:25:55Z) for Minecraft 1.21.8
[10:51:21] [ServerMain/INFO]: [PluginInitializerManager] Initializing plugins...
[10:51:21] [ServerMain/ERROR]: [PluginRemapper] Encountered exception remapping plugins
java.util.concurrent.CompletionException: java.lang.RuntimeException: Failed to open plugin jar plugins/NoLag.jar
	at java.base/java.util.concurrent.CompletableFuture.reportJoin(CompletableFuture.java:413) ~[?:?]
	at java.base/java.util.concurrent.CompletableFuture.join(CompletableFuture.java:2118) ~[?:?]
	at io.papermc.paper.pluginremap.PluginRemapper.waitForAll(PluginRemapper.java:414) ~[paper-1.21.8.jar:1.21.8-39-616a879]
	at io.papermc.paper.pluginremap.PluginRemapper.rewritePluginDirectory(PluginRemapper.java:210) ~[paper-1.21.8.jar:1.21.8-39-616a879]
	at io.papermc.paper.plugin.provider.source.DirectoryProviderSource.prepareContext(DirectoryProviderSource.java:42) ~[paper-1.21.8.jar:1.21.8-39-616a879]
	at io.papermc.paper.plugin.provider.source.DirectoryProviderSource.prepareContext(DirectoryProviderSource.java:17) ~[paper-1.21.8.jar:1.21.8-39-616a879]
	at io.papermc.paper.plugin.util.EntrypointUtil.registerProvidersFromSource(EntrypointUtil.java:14) ~[paper-1.21.8.jar:1.21.8-39-616a879]
	at io.papermc.paper.plugin.PluginInitializerManager.load(PluginInitializerManager.java:113) ~[paper-1.21.8.jar:1.21.8-39-616a879]
	at net.minecraft.server.Main.main(Main.java:112) ~[paper-1.21.8.jar:1.21.8-39-616a879]
	at io.papermc.paper.PaperBootstrap.boot(PaperBootstrap.java:21) ~[paper-1.21.8.jar:1.21.8-39-616a879]
	at org.bukkit.craftbukkit.Main.main(Main.java:242) ~[paper-1.21.8.jar:1.21.8-39-616a879]
	at io.papermc.paperclip.Paperclip.lambda$main$0(Paperclip.java:42) ~[app:?]
	at java.base/java.lang.Thread.run(Thread.java:1583) ~[?:?]
	Suppressed: java.util.concurrent.CompletionException: java.lang.RuntimeException: Failed to open plugin jar plugins/ViaBackwards-5.1.1.jar
		at java.base/java.util.concurrent.CompletableFuture.reportJoin(CompletableFuture.java:413) ~[?:?]
		at java.base/java.util.concurrent.CompletableFuture.join(CompletableFuture.java:2118) ~[?:?]
		at io.papermc.paper.pluginremap.PluginRemapper.waitForAll(PluginRemapper.java:414) ~[paper-1.21.8.jar:1.21.8-39-616a879]
		at io.papermc.paper.pluginremap.PluginRemapper.rewritePluginDirectory(PluginRemapper.java:210) ~[paper-1.21.8.jar:1.21.8-39-616a879]
		at io.papermc.paper.plugin.provider.source.DirectoryProviderSource.prepareContext(DirectoryProviderSource.java:42) ~[paper-1.21.8.jar:1.21.8-39-616a879]
		at io.papermc.paper.plugin.provider.source.DirectoryProviderSource.prepareContext(DirectoryProviderSource.java:17) ~[paper-1.21.8.jar:1.21.8-39-616a879]
		at io.papermc.paper.plugin.util.EntrypointUtil.registerProvidersFromSource(EntrypointUtil.java:14) ~[paper-1.21.8.jar:1.21.8-39-616a879]
		at io.papermc.paper.plugin.PluginInitializerManager.load(PluginInitializerManager.java:113) ~[paper-1.21.8.jar:1.21.8-39-616a879]
		at net.minecraft.server.Main.main(Main.java:112) ~[paper-1.21.8.jar:1.21.8-39-616a879]
		at io.papermc.paper.PaperBootstrap.boot(PaperBootstrap.java:21) ~[paper-1.21.8.jar:1.21.8-39-616a879]
		at org.bukkit.craftbukkit.Main.main(Main.java:242) ~[paper-1.21.8.jar:1.21.8-39-616a879]
		at io.papermc.paperclip.Paperclip.lambda$main$0(Paperclip.java:42) ~[app:?]
		at java.base/java.lang.Thread.run(Thread.java:1583) ~[?:?]
	Caused by: java.lang.RuntimeException: Failed to open plugin jar plugins/ViaBackwards-5.1.1.jar
		at io.papermc.paper.pluginremap.PluginRemapper.remap(PluginRemapper.java:343) ~[paper-1.21.8.jar:1.21.8-39-616a879]
		at io.papermc.paper.pluginremap.PluginRemapper.remapPlugin(PluginRemapper.java:270) ~[paper-1.21.8.jar:1.21.8-39-616a879]
		at io.papermc.paper.pluginremap.PluginRemapper.rewritePluginDirectory(PluginRemapper.java:208) ~[paper-1.21.8.jar:1.21.8-39-616a879]
		... 9 more
	Caused by: java.util.zip.ZipException: zip END header not found
		at jdk.zipfs@21.0.7/jdk.nio.zipfs.ZipFileSystem.findEND(ZipFileSystem.java:1320) ~[jdk.zipfs:?]
		at jdk.zipfs@21.0.7/jdk.nio.zipfs.ZipFileSystem.initCEN(ZipFileSystem.java:1541) ~[jdk.zipfs:?]
		at jdk.zipfs@21.0.7/jdk.nio.zipfs.ZipFileSystem.<init>(ZipFileSystem.java:179) ~[jdk.zipfs:?]
		at jdk.zipfs@21.0.7/jdk.nio.zipfs.ZipFileSystemProvider.getZipFileSystem(ZipFileSystemProvider.java:125) ~[jdk.zipfs:?]
		at jdk.zipfs@21.0.7/jdk.nio.zipfs.ZipFileSystemProvider.newFileSystem(ZipFileSystemProvider.java:120) ~[jdk.zipfs:?]
		at java.base/java.nio.file.FileSystems.newFileSystem(FileSystems.java:528) ~[?:?]
		at java.base/java.nio.file.FileSystems.newFileSystem(FileSystems.java:440) ~[?:?]
		at io.papermc.paper.pluginremap.PluginRemapper.remap(PluginRemapper.java:294) ~[paper-1.21.8.jar:1.21.8-39-616a879]
		at io.papermc.paper.pluginremap.PluginRemapper.remapPlugin(PluginRemapper.java:270) ~[paper-1.21.8.jar:1.21.8-39-616a879]
		at io.papermc.paper.pluginremap.PluginRemapper.rewritePluginDirectory(PluginRemapper.java:208) ~[paper-1.21.8.jar:1.21.8-39-616a879]
		... 9 more
	Suppressed: java.util.concurrent.CompletionException: java.lang.RuntimeException: Failed to open plugin jar plugins/ViaRewind-2.0.3.jar
		at java.base/java.util.concurrent.CompletableFuture.reportJoin(CompletableFuture.java:413) ~[?:?]
		at java.base/java.util.concurrent.CompletableFuture.join(CompletableFuture.java:2118) ~[?:?]
		at io.papermc.paper.pluginremap.PluginRemapper.waitForAll(PluginRemapper.java:414) ~[paper-1.21.8.jar:1.21.8-39-616a879]
		at io.papermc.paper.pluginremap.PluginRemapper.rewritePluginDirectory(PluginRemapper.java:210) ~[paper-1.21.8.jar:1.21.8-39-616a879]
		at io.papermc.paper.plugin.provider.source.DirectoryProviderSource.prepareContext(DirectoryProviderSource.java:42) ~[paper-1.21.8.jar:1.21.8-39-616a879]
		at io.papermc.paper.plugin.provider.source.DirectoryProviderSource.prepareContext(DirectoryProviderSource.java:17) ~[paper-1.21.8.jar:1.21.8-39-616a879]
		at io.papermc.paper.plugin.util.EntrypointUtil.registerProvidersFromSource(EntrypointUtil.java:14) ~[paper-1.21.8.jar:1.21.8-39-616a879]
		at io.papermc.paper.plugin.PluginInitializerManager.load(PluginInitializerManager.java:113) ~[paper-1.21.8.jar:1.21.8-39-616a879]
		at net.minecraft.server.Main.main(Main.java:112) ~[paper-1.21.8.jar:1.21.8-39-616a879]
		at io.papermc.paper.PaperBootstrap.boot(PaperBootstrap.java:21) ~[paper-1.21.8.jar:1.21.8-39-616a879]
		at org.bukkit.craftbukkit.Main.main(Main.java:242) ~[paper-1.21.8.jar:1.21.8-39-616a879]
		at io.papermc.paperclip.Paperclip.lambda$main$0(Paperclip.java:42) ~[app:?]
		at java.base/java.lang.Thread.run(Thread.java:1583) ~[?:?]
	Caused by: java.lang.RuntimeException: Failed to open plugin jar plugins/ViaRewind-2.0.3.jar
		at io.papermc.paper.pluginremap.PluginRemapper.remap(PluginRemapper.java:343) ~[paper-1.21.8.jar:1.21.8-39-616a879]
		at io.papermc.paper.pluginremap.PluginRemapper.remapPlugin(PluginRemapper.java:270) ~[paper-1.21.8.jar:1.21.8-39-616a879]
		at io.papermc.paper.pluginremap.PluginRemapper.rewritePluginDirectory(PluginRemapper.java:208) ~[paper-1.21.8.jar:1.21.8-39-616a879]
		... 9 more
	Caused by: java.util.zip.ZipException: zip END header not found
		at jdk.zipfs@21.0.7/jdk.nio.zipfs.ZipFileSystem.findEND(ZipFileSystem.java:1320) ~[jdk.zipfs:?]
		at jdk.zipfs@21.0.7/jdk.nio.zipfs.ZipFileSystem.initCEN(ZipFileSystem.java:1541) ~[jdk.zipfs:?]
		at jdk.zipfs@21.0.7/jdk.nio.zipfs.ZipFileSystem.<init>(ZipFileSystem.java:179) ~[jdk.zipfs:?]
		at jdk.zipfs@21.0.7/jdk.nio.zipfs.ZipFileSystemProvider.getZipFileSystem(ZipFileSystemProvider.java:125) ~[jdk.zipfs:?]
		at jdk.zipfs@21.0.7/jdk.nio.zipfs.ZipFileSystemProvider.newFileSystem(ZipFileSystemProvider.java:120) ~[jdk.zipfs:?]
		at java.base/java.nio.file.FileSystems.newFileSystem(FileSystems.java:528) ~[?:?]
		at java.base/java.nio.file.FileSystems.newFileSystem(FileSystems.java:440) ~[?:?]
		at io.papermc.paper.pluginremap.PluginRemapper.remap(PluginRemapper.java:294) ~[paper-1.21.8.jar:1.21.8-39-616a879]
		at io.papermc.paper.pluginremap.PluginRemapper.remapPlugin(PluginRemapper.java:270) ~[paper-1.21.8.jar:1.21.8-39-616a879]
		at io.papermc.paper.pluginremap.PluginRemapper.rewritePluginDirectory(PluginRemapper.java:208) ~[paper-1.21.8.jar:1.21.8-39-616a879]
		... 9 more
	Suppressed: java.util.concurrent.CompletionException: java.lang.RuntimeException: Failed to open plugin jar plugins/FakePlayer.jar
		at java.base/java.util.concurrent.CompletableFuture.reportJoin(CompletableFuture.java:413) ~[?:?]
		at java.base/java.util.concurrent.CompletableFuture.join(CompletableFuture.java:2118) ~[?:?]
		at io.papermc.paper.pluginremap.PluginRemapper.waitForAll(PluginRemapper.java:414) ~[paper-1.21.8.jar:1.21.8-39-616a879]
		at io.papermc.paper.pluginremap.PluginRemapper.rewritePluginDirectory(PluginRemapper.java:210) ~[paper-1.21.8.jar:1.21.8-39-616a879]
		at io.papermc.paper.plugin.provider.source.DirectoryProviderSource.prepareContext(DirectoryProviderSource.java:42) ~[paper-1.21.8.jar:1.21.8-39-616a879]
		at io.papermc.paper.plugin.provider.source.DirectoryProviderSource.prepareContext(DirectoryProviderSource.java:17) ~[paper-1.21.8.jar:1.21.8-39-616a879]
		at io.papermc.paper.plugin.util.EntrypointUtil.registerProvidersFromSource(EntrypointUtil.java:14) ~[paper-1.21.8.jar:1.21.8-39-616a879]
		at io.papermc.paper.plugin.PluginInitializerManager.load(PluginInitializerManager.java:113) ~[paper-1.21.8.jar:1.21.8-39-616a879]
		at net.minecraft.server.Main.main(Main.java:112) ~[paper-1.21.8.jar:1.21.8-39-616a879]
		at io.papermc.paper.PaperBootstrap.boot(PaperBootstrap.java:21) ~[paper-1.21.8.jar:1.21.8-39-616a879]
		at org.bukkit.craftbukkit.Main.main(Main.java:242) ~[paper-1.21.8.jar:1.21.8-39-616a879]
		at io.papermc.paperclip.Paperclip.lambda$main$0(Paperclip.java:42) ~[app:?]
		at java.base/java.lang.Thread.run(Thread.java:1583) ~[?:?]
	Caused by: java.lang.RuntimeException: Failed to open plugin jar plugins/FakePlayer.jar
		at io.papermc.paper.pluginremap.PluginRemapper.remap(PluginRemapper.java:343) ~[paper-1.21.8.jar:1.21.8-39-616a879]
		at io.papermc.paper.pluginremap.PluginRemapper.remapPlugin(PluginRemapper.java:270) ~[paper-1.21.8.jar:1.21.8-39-616a879]
		at io.papermc.paper.pluginremap.PluginRemapper.rewritePluginDirectory(PluginRemapper.java:208) ~[paper-1.21.8.jar:1.21.8-39-616a879]
		... 9 more
	Caused by: java.util.zip.ZipException: zip END header not found
		at jdk.zipfs@21.0.7/jdk.nio.zipfs.ZipFileSystem.findEND(ZipFileSystem.java:1320) ~[jdk.zipfs:?]
		at jdk.zipfs@21.0.7/jdk.nio.zipfs.ZipFileSystem.initCEN(ZipFileSystem.java:1541) ~[jdk.zipfs:?]
		at jdk.zipfs@21.0.7/jdk.nio.zipfs.ZipFileSystem.<init>(ZipFileSystem.java:179) ~[jdk.zipfs:?]
		at jdk.zipfs@21.0.7/jdk.nio.zipfs.ZipFileSystemProvider.getZipFileSystem(ZipFileSystemProvider.java:125) ~[jdk.zipfs:?]
		at jdk.zipfs@21.0.7/jdk.nio.zipfs.ZipFileSystemProvider.newFileSystem(ZipFileSystemProvider.java:120) ~[jdk.zipfs:?]
		at java.base/java.nio.file.FileSystems.newFileSystem(FileSystems.java:528) ~[?:?]
		at java.base/java.nio.file.FileSystems.newFileSystem(FileSystems.java:440) ~[?:?]
		at io.papermc.paper.pluginremap.PluginRemapper.remap(PluginRemapper.java:294) ~[paper-1.21.8.jar:1.21.8-39-616a879]
		at io.papermc.paper.pluginremap.PluginRemapper.remapPlugin(PluginRemapper.java:270) ~[paper-1.21.8.jar:1.21.8-39-616a879]
		at io.papermc.paper.pluginremap.PluginRemapper.rewritePluginDirectory(PluginRemapper.java:208) ~[paper-1.21.8.jar:1.21.8-39-616a879]
		... 9 more
	Suppressed: java.util.concurrent.CompletionException: java.lang.RuntimeException: Failed to open plugin jar plugins/ViaVersion-5.1.1.jar
		at java.base/java.util.concurrent.CompletableFuture.reportJoin(CompletableFuture.java:413) ~[?:?]
		at java.base/java.util.concurrent.CompletableFuture.join(CompletableFuture.java:2118) ~[?:?]
		at io.papermc.paper.pluginremap.PluginRemapper.waitForAll(PluginRemapper.java:414) ~[paper-1.21.8.jar:1.21.8-39-616a879]
		at io.papermc.paper.pluginremap.PluginRemapper.rewritePluginDirectory(PluginRemapper.java:210) ~[paper-1.21.8.jar:1.21.8-39-616a879]
		at io.papermc.paper.plugin.provider.source.DirectoryProviderSource.prepareContext(DirectoryProviderSource.java:42) ~[paper-1.21.8.jar:1.21.8-39-616a879]
		at io.papermc.paper.plugin.provider.source.DirectoryProviderSource.prepareContext(DirectoryProviderSource.java:17) ~[paper-1.21.8.jar:1.21.8-39-616a879]
		at io.papermc.paper.plugin.util.EntrypointUtil.registerProvidersFromSource(EntrypointUtil.java:14) ~[paper-1.21.8.jar:1.21.8-39-616a879]
		at io.papermc.paper.plugin.PluginInitializerManager.load(PluginInitializerManager.java:113) ~[paper-1.21.8.jar:1.21.8-39-616a879]
		at net.minecraft.server.Main.main(Main.java:112) ~[paper-1.21.8.jar:1.21.8-39-616a879]
		at io.papermc.paper.PaperBootstrap.boot(PaperBootstrap.java:21) ~[paper-1.21.8.jar:1.21.8-39-616a879]
		at org.bukkit.craftbukkit.Main.main(Main.java:242) ~[paper-1.21.8.jar:1.21.8-39-616a879]
		at io.papermc.paperclip.Paperclip.lambda$main$0(Paperclip.java:42) ~[app:?]
		at java.base/java.lang.Thread.run(Thread.java:1583) ~[?:?]
	Caused by: java.lang.RuntimeException: Failed to open plugin jar plugins/ViaVersion-5.1.1.jar
		at io.papermc.paper.pluginremap.PluginRemapper.remap(PluginRemapper.java:343) ~[paper-1.21.8.jar:1.21.8-39-616a879]
		at io.papermc.paper.pluginremap.PluginRemapper.remapPlugin(PluginRemapper.java:270) ~[paper-1.21.8.jar:1.21.8-39-616a879]
		at io.papermc.paper.pluginremap.PluginRemapper.rewritePluginDirectory(PluginRemapper.java:208) ~[paper-1.21.8.jar:1.21.8-39-616a879]
		... 9 more
	Caused by: java.util.zip.ZipException: zip END header not found
		at jdk.zipfs@21.0.7/jdk.nio.zipfs.ZipFileSystem.findEND(ZipFileSystem.java:1320) ~[jdk.zipfs:?]
		at jdk.zipfs@21.0.7/jdk.nio.zipfs.ZipFileSystem.initCEN(ZipFileSystem.java:1541) ~[jdk.zipfs:?]
		at jdk.zipfs@21.0.7/jdk.nio.zipfs.ZipFileSystem.<init>(ZipFileSystem.java:179) ~[jdk.zipfs:?]
		at jdk.zipfs@21.0.7/jdk.nio.zipfs.ZipFileSystemProvider.getZipFileSystem(ZipFileSystemProvider.java:125) ~[jdk.zipfs:?]
		at jdk.zipfs@21.0.7/jdk.nio.zipfs.ZipFileSystemProvider.newFileSystem(ZipFileSystemProvider.java:120) ~[jdk.zipfs:?]
		at java.base/java.nio.file.FileSystems.newFileSystem(FileSystems.java:528) ~[?:?]
		at java.base/java.nio.file.FileSystems.newFileSystem(FileSystems.java:440) ~[?:?]
		at io.papermc.paper.pluginremap.PluginRemapper.remap(PluginRemapper.java:294) ~[paper-1.21.8.jar:1.21.8-39-616a879]
		at io.papermc.paper.pluginremap.PluginRemapper.remapPlugin(PluginRemapper.java:270) ~[paper-1.21.8.jar:1.21.8-39-616a879]
		at io.papermc.paper.pluginremap.PluginRemapper.rewritePluginDirectory(PluginRemapper.java:208) ~[paper-1.21.8.jar:1.21.8-39-616a879]
		... 9 more
Caused by: java.lang.RuntimeException: Failed to open plugin jar plugins/NoLag.jar
	at io.papermc.paper.pluginremap.PluginRemapper.remap(PluginRemapper.java:343) ~[paper-1.21.8.jar:1.21.8-39-616a879]
	at io.papermc.paper.pluginremap.PluginRemapper.remapPlugin(PluginRemapper.java:270) ~[paper-1.21.8.jar:1.21.8-39-616a879]
	at io.papermc.paper.pluginremap.PluginRemapper.rewritePluginDirectory(PluginRemapper.java:208) ~[paper-1.21.8.jar:1.21.8-39-616a879]
	... 9 more
Caused by: java.util.zip.ZipException: zip END header not found
	at jdk.zipfs@21.0.7/jdk.nio.zipfs.ZipFileSystem.findEND(ZipFileSystem.java:1320) ~[jdk.zipfs:?]
	at jdk.zipfs@21.0.7/jdk.nio.zipfs.ZipFileSystem.initCEN(ZipFileSystem.java:1541) ~[jdk.zipfs:?]
	at jdk.zipfs@21.0.7/jdk.nio.zipfs.ZipFileSystem.<init>(ZipFileSystem.java:179) ~[jdk.zipfs:?]
	at jdk.zipfs@21.0.7/jdk.nio.zipfs.ZipFileSystemProvider.getZipFileSystem(ZipFileSystemProvider.java:125) ~[jdk.zipfs:?]
	at jdk.zipfs@21.0.7/jdk.nio.zipfs.ZipFileSystemProvider.newFileSystem(ZipFileSystemProvider.java:120) ~[jdk.zipfs:?]
	at java.base/java.nio.file.FileSystems.newFileSystem(FileSystems.java:528) ~[?:?]
	at java.base/java.nio.file.FileSystems.newFileSystem(FileSystems.java:440) ~[?:?]
	at io.papermc.paper.pluginremap.PluginRemapper.remap(PluginRemapper.java:294) ~[paper-1.21.8.jar:1.21.8-39-616a879]
	at io.papermc.paper.pluginremap.PluginRemapper.remapPlugin(PluginRemapper.java:270) ~[paper-1.21.8.jar:1.21.8-39-616a879]
	at io.papermc.paper.pluginremap.PluginRemapper.rewritePluginDirectory(PluginRemapper.java:208) ~[paper-1.21.8.jar:1.21.8-39-616a879]
	... 9 more
[10:51:21] [ServerMain/INFO]: [PluginInitializerManager] Initialized 0 plugins
[10:51:26] [ServerMain/INFO]: Environment: Environment[sessionHost=https://sessionserver.mojang.com, servicesHost=https://api.minecraftservices.com, name=PROD]
[10:51:28] [ServerMain/INFO]: Loaded 1407 recipes
[10:51:28] [ServerMain/INFO]: Loaded 1520 advancements
[10:51:28] [ServerMain/INFO]: [ca.spottedleaf.dataconverter.minecraft.datatypes.MCTypeRegistry] Initialising converters for DataConverter...
